E:\TC\MMTC-MEM\MMTC-MEM\X64\RELEASE\RANGEORIGIN.OBJ
E:\TC\MMTC-MEM\MMTC-MEM\X64\RELEASE\FILE.OBJ
E:\TC\MMTC-MEM\MMTC-MEM\X64\RELEASE\DEFINE2.OBJ
E:\TC\MMTC-MEM\MMTC-MEM\X64\RELEASE\VC110.PDB
E:\TC\MMTC-MEM\X64\RELEASE\MMTC-MEM.EXE
E:\TC\MMTC-MEM\X64\RELEASE\MMTC-MEM.PDB
E:\TC\MMTC-Mem\MMTC-Mem\x64\Release\define2.obj
E:\TC\MMTC-Mem\MMTC-Mem\x64\Release\file.obj
E:\TC\MMTC-Mem\MMTC-Mem\x64\Release\RangeOrigin.obj
E:\TC\MMTC-Mem\MMTC-Mem\x64\Release\cl.command.1.tlog
E:\TC\MMTC-Mem\MMTC-Mem\x64\Release\CL.read.1.tlog
E:\TC\MMTC-Mem\MMTC-Mem\x64\Release\CL.write.1.tlog
E:\TC\MMTC-Mem\MMTC-Mem\x64\Release\link-cvtres.read.1.tlog
E:\TC\MMTC-Mem\MMTC-Mem\x64\Release\link-cvtres.write.1.tlog
E:\TC\MMTC-Mem\MMTC-Mem\x64\Release\link-rc.read.1.tlog
E:\TC\MMTC-Mem\MMTC-Mem\x64\Release\link-rc.write.1.tlog
E:\TC\MMTC-Mem\MMTC-Mem\x64\Release\link.command.1.tlog
E:\TC\MMTC-Mem\MMTC-Mem\x64\Release\link.read.1.tlog
E:\TC\MMTC-Mem\MMTC-Mem\x64\Release\link.write.1.tlog
E:\TC\MMTC-Mem\MMTC-Mem\x64\Release\vc110.pdb
E:\TC\MMTC-Mem\x64\Release\MMTC-Mem.pdb
