生成启动时间为 2013/8/18 1:30:10。
     1>项目“E:\TC\MMTC-Mem\MMTC-Mem\MMTC-Mem.vcxproj”在节点 2 上(Rebuild 个目标)。
     1>ClCompile:
         C:\Program Files (x86)\Microsoft Visual Studio 11.0\VC\bin\x86_amd64\CL.exe /c /Zi /nologo /W3 /WX- /O2 /Oi /GL /D WIN32 /D NDEBUG /D _CONSOLE /D _UNICODE /D UNICODE /Gm- /EHsc /MD /GS /Gy /fp:precise /Zc:wchar_t /Zc:forScope /Fo"x64\Release\\" /Fd"x64\Release\vc110.pdb" /Gd /TP /errorReport:prompt ..\..\define2.cpp ..\..\file.cpp ..\..\RangeOrigin.cpp
         define2.cpp
         file.cpp
     1>..\..\file.cpp(81): warning C4996: 'strcpy': This function or variable may be unsafe. Consider using strcpy_s instead. To disable deprecation, use _CRT_SECURE_NO_WARNINGS. See online help for details.
                 C:\Program Files (x86)\Microsoft Visual Studio 11.0\VC\include\string.h(110) : 参见“strcpy”的声明
     1>..\..\file.cpp(82): warning C4996: 'strcat': This function or variable may be unsafe. Consider using strcat_s instead. To disable deprecation, use _CRT_SECURE_NO_WARNINGS. See online help for details.
                 C:\Program Files (x86)\Microsoft Visual Studio 11.0\VC\include\string.h(115) : 参见“strcat”的声明
     1>..\..\file.cpp(83): warning C4996: 'open': The POSIX name for this item is deprecated. Instead, use the ISO C++ conformant name: _open. See online help for details.
                 C:\Program Files (x86)\Microsoft Visual Studio 11.0\VC\include\io.h(315) : 参见“open”的声明
     1>..\..\file.cpp(86): warning C4996: 'read': The POSIX name for this item is deprecated. Instead, use the ISO C++ conformant name: _read. See online help for details.
                 C:\Program Files (x86)\Microsoft Visual Studio 11.0\VC\include\io.h(316) : 参见“read”的声明
     1>..\..\file.cpp(102): warning C4996: 'close': The POSIX name for this item is deprecated. Instead, use the ISO C++ conformant name: _close. See online help for details.
                 C:\Program Files (x86)\Microsoft Visual Studio 11.0\VC\include\io.h(305) : 参见“close”的声明
     1>..\..\file.cpp(110): warning C4996: 'strcpy': This function or variable may be unsafe. Consider using strcpy_s instead. To disable deprecation, use _CRT_SECURE_NO_WARNINGS. See online help for details.
                 C:\Program Files (x86)\Microsoft Visual Studio 11.0\VC\include\string.h(110) : 参见“strcpy”的声明
     1>..\..\file.cpp(111): warning C4996: 'strcat': This function or variable may be unsafe. Consider using strcat_s instead. To disable deprecation, use _CRT_SECURE_NO_WARNINGS. See online help for details.
                 C:\Program Files (x86)\Microsoft Visual Studio 11.0\VC\include\string.h(115) : 参见“strcat”的声明
     1>..\..\file.cpp(112): warning C4996: 'open': The POSIX name for this item is deprecated. Instead, use the ISO C++ conformant name: _open. See online help for details.
                 C:\Program Files (x86)\Microsoft Visual Studio 11.0\VC\include\io.h(315) : 参见“open”的声明
     1>..\..\file.cpp(115): warning C4996: 'read': The POSIX name for this item is deprecated. Instead, use the ISO C++ conformant name: _read. See online help for details.
                 C:\Program Files (x86)\Microsoft Visual Studio 11.0\VC\include\io.h(316) : 参见“read”的声明
     1>..\..\file.cpp(145): warning C4996: 'close': The POSIX name for this item is deprecated. Instead, use the ISO C++ conformant name: _close. See online help for details.
                 C:\Program Files (x86)\Microsoft Visual Studio 11.0\VC\include\io.h(305) : 参见“close”的声明
     1>..\..\file.cpp(128): warning C4101: “i”: 未引用的局部变量
     1>..\..\file.cpp(154): warning C4996: 'strcpy': This function or variable may be unsafe. Consider using strcpy_s instead. To disable deprecation, use _CRT_SECURE_NO_WARNINGS. See online help for details.
                 C:\Program Files (x86)\Microsoft Visual Studio 11.0\VC\include\string.h(110) : 参见“strcpy”的声明
     1>..\..\file.cpp(155): warning C4996: 'strcat': This function or variable may be unsafe. Consider using strcat_s instead. To disable deprecation, use _CRT_SECURE_NO_WARNINGS. See online help for details.
                 C:\Program Files (x86)\Microsoft Visual Studio 11.0\VC\include\string.h(115) : 参见“strcat”的声明
     1>..\..\file.cpp(156): warning C4996: 'open': The POSIX name for this item is deprecated. Instead, use the ISO C++ conformant name: _open. See online help for details.
                 C:\Program Files (x86)\Microsoft Visual Studio 11.0\VC\include\io.h(315) : 参见“open”的声明
     1>..\..\file.cpp(159): warning C4996: 'read': The POSIX name for this item is deprecated. Instead, use the ISO C++ conformant name: _read. See online help for details.
                 C:\Program Files (x86)\Microsoft Visual Studio 11.0\VC\include\io.h(316) : 参见“read”的声明
     1>..\..\file.cpp(229): warning C4996: 'close': The POSIX name for this item is deprecated. Instead, use the ISO C++ conformant name: _close. See online help for details.
                 C:\Program Files (x86)\Microsoft Visual Studio 11.0\VC\include\io.h(305) : 参见“close”的声明
     1>..\..\file.cpp(170): warning C4101: “k”: 未引用的局部变量
     1>..\..\file.cpp(238): warning C4996: 'open': The POSIX name for this item is deprecated. Instead, use the ISO C++ conformant name: _open. See online help for details.
                 C:\Program Files (x86)\Microsoft Visual Studio 11.0\VC\include\io.h(315) : 参见“open”的声明
     1>..\..\file.cpp(242): warning C4996: 'read': The POSIX name for this item is deprecated. Instead, use the ISO C++ conformant name: _read. See online help for details.
                 C:\Program Files (x86)\Microsoft Visual Studio 11.0\VC\include\io.h(316) : 参见“read”的声明
     1>..\..\file.cpp(269): warning C4996: 'close': The POSIX name for this item is deprecated. Instead, use the ISO C++ conformant name: _close. See online help for details.
                 C:\Program Files (x86)\Microsoft Visual Studio 11.0\VC\include\io.h(305) : 参见“close”的声明
         RangeOrigin.cpp
     1>..\..\RangeOrigin.cpp(90): warning C4101: “j”: 未引用的局部变量
     1>..\..\RangeOrigin.cpp(146): warning C4101: “j”: 未引用的局部变量
     1>..\..\RangeOrigin.cpp(168): warning C4101: “roadLen”: 未引用的局部变量
     1>..\..\RangeOrigin.cpp(168): warning C4101: “sideLen”: 未引用的局部变量
     1>..\..\RangeOrigin.cpp(219): warning C4996: 'fopen': This function or variable may be unsafe. Consider using fopen_s instead. To disable deprecation, use _CRT_SECURE_NO_WARNINGS. See online help for details.
                 C:\Program Files (x86)\Microsoft Visual Studio 11.0\VC\include\stdio.h(218) : 参见“fopen”的声明
     1>..\..\RangeOrigin.cpp(274): warning C4101: “trieNum”: 未引用的局部变量
     1>..\..\RangeOrigin.cpp(519): warning C4244: “return”: 从“double”转换到“int”，可能丢失数据
     1>..\..\RangeOrigin.cpp(428): warning C4101: “trieNum”: 未引用的局部变量
     1>..\..\RangeOrigin.cpp(633): warning C4996: 'fopen': This function or variable may be unsafe. Consider using fopen_s instead. To disable deprecation, use _CRT_SECURE_NO_WARNINGS. See online help for details.
                 C:\Program Files (x86)\Microsoft Visual Studio 11.0\VC\include\stdio.h(218) : 参见“fopen”的声明
     1>..\..\RangeOrigin.cpp(653): warning C4996: 'fscanf': This function or variable may be unsafe. Consider using fscanf_s instead. To disable deprecation, use _CRT_SECURE_NO_WARNINGS. See online help for details.
                 C:\Program Files (x86)\Microsoft Visual Studio 11.0\VC\include\stdio.h(237) : 参见“fscanf”的声明
     1>..\..\RangeOrigin.cpp(655): warning C4996: 'fscanf': This function or variable may be unsafe. Consider using fscanf_s instead. To disable deprecation, use _CRT_SECURE_NO_WARNINGS. See online help for details.
                 C:\Program Files (x86)\Microsoft Visual Studio 11.0\VC\include\stdio.h(237) : 参见“fscanf”的声明
     1>..\..\RangeOrigin.cpp(663): warning C4996: 'fopen': This function or variable may be unsafe. Consider using fopen_s instead. To disable deprecation, use _CRT_SECURE_NO_WARNINGS. See online help for details.
                 C:\Program Files (x86)\Microsoft Visual Studio 11.0\VC\include\stdio.h(218) : 参见“fopen”的声明
     1>..\..\RangeOrigin.cpp(665): warning C4996: 'fscanf': This function or variable may be unsafe. Consider using fscanf_s instead. To disable deprecation, use _CRT_SECURE_NO_WARNINGS. See online help for details.
                 C:\Program Files (x86)\Microsoft Visual Studio 11.0\VC\include\stdio.h(237) : 参见“fscanf”的声明
     1>..\..\RangeOrigin.cpp(670): warning C4996: 'fopen': This function or variable may be unsafe. Consider using fopen_s instead. To disable deprecation, use _CRT_SECURE_NO_WARNINGS. See online help for details.
                 C:\Program Files (x86)\Microsoft Visual Studio 11.0\VC\include\stdio.h(218) : 参见“fopen”的声明
     1>..\..\RangeOrigin.cpp(674): warning C4996: 'fscanf': This function or variable may be unsafe. Consider using fscanf_s instead. To disable deprecation, use _CRT_SECURE_NO_WARNINGS. See online help for details.
                 C:\Program Files (x86)\Microsoft Visual Studio 11.0\VC\include\stdio.h(237) : 参见“fscanf”的声明
     1>..\..\RangeOrigin.cpp(677): warning C4996: 'fscanf': This function or variable may be unsafe. Consider using fscanf_s instead. To disable deprecation, use _CRT_SECURE_NO_WARNINGS. See online help for details.
                 C:\Program Files (x86)\Microsoft Visual Studio 11.0\VC\include\stdio.h(237) : 参见“fscanf”的声明
     1>..\..\RangeOrigin.cpp(678): warning C4996: 'fscanf': This function or variable may be unsafe. Consider using fscanf_s instead. To disable deprecation, use _CRT_SECURE_NO_WARNINGS. See online help for details.
                 C:\Program Files (x86)\Microsoft Visual Studio 11.0\VC\include\stdio.h(237) : 参见“fscanf”的声明
     1>..\..\RangeOrigin.cpp(686): warning C4996: 'fopen': This function or variable may be unsafe. Consider using fopen_s instead. To disable deprecation, use _CRT_SECURE_NO_WARNINGS. See online help for details.
                 C:\Program Files (x86)\Microsoft Visual Studio 11.0\VC\include\stdio.h(218) : 参见“fopen”的声明
     1>..\..\RangeOrigin.cpp(688): warning C4996: 'fscanf': This function or variable may be unsafe. Consider using fscanf_s instead. To disable deprecation, use _CRT_SECURE_NO_WARNINGS. See online help for details.
                 C:\Program Files (x86)\Microsoft Visual Studio 11.0\VC\include\stdio.h(237) : 参见“fscanf”的声明
     1>..\..\RangeOrigin.cpp(696): warning C4996: 'fopen': This function or variable may be unsafe. Consider using fopen_s instead. To disable deprecation, use _CRT_SECURE_NO_WARNINGS. See online help for details.
                 C:\Program Files (x86)\Microsoft Visual Studio 11.0\VC\include\stdio.h(218) : 参见“fopen”的声明
     1>..\..\RangeOrigin.cpp(697): warning C4996: 'fopen': This function or variable may be unsafe. Consider using fopen_s instead. To disable deprecation, use _CRT_SECURE_NO_WARNINGS. See online help for details.
                 C:\Program Files (x86)\Microsoft Visual Studio 11.0\VC\include\stdio.h(218) : 参见“fopen”的声明
     1>..\..\RangeOrigin.cpp(700): warning C4996: 'fopen': This function or variable may be unsafe. Consider using fopen_s instead. To disable deprecation, use _CRT_SECURE_NO_WARNINGS. See online help for details.
                 C:\Program Files (x86)\Microsoft Visual Studio 11.0\VC\include\stdio.h(218) : 参见“fopen”的声明
     1>..\..\RangeOrigin.cpp(702): warning C4996: 'fscanf': This function or variable may be unsafe. Consider using fscanf_s instead. To disable deprecation, use _CRT_SECURE_NO_WARNINGS. See online help for details.
                 C:\Program Files (x86)\Microsoft Visual Studio 11.0\VC\include\stdio.h(237) : 参见“fscanf”的声明
     1>..\..\RangeOrigin.cpp(709): warning C4996: 'fopen': This function or variable may be unsafe. Consider using fopen_s instead. To disable deprecation, use _CRT_SECURE_NO_WARNINGS. See online help for details.
                 C:\Program Files (x86)\Microsoft Visual Studio 11.0\VC\include\stdio.h(218) : 参见“fopen”的声明
     1>..\..\RangeOrigin.cpp(744): warning C4996: 'fopen': This function or variable may be unsafe. Consider using fopen_s instead. To disable deprecation, use _CRT_SECURE_NO_WARNINGS. See online help for details.
                 C:\Program Files (x86)\Microsoft Visual Studio 11.0\VC\include\stdio.h(218) : 参见“fopen”的声明
     1>..\..\RangeOrigin.cpp(623): warning C4101: “i”: 未引用的局部变量
     1>..\..\RangeOrigin.cpp(704): warning C4101: “kk”: 未引用的局部变量
     1>..\..\RangeOrigin.cpp(711): warning C4101: “qy”: 未引用的局部变量
     1>..\..\RangeOrigin.cpp(712): warning C4101: “qNumber”: 未引用的局部变量
     1>..\..\RangeOrigin.cpp(711): warning C4101: “qx”: 未引用的局部变量
       Link:
         C:\Program Files (x86)\Microsoft Visual Studio 11.0\VC\bin\x86_amd64\link.exe /ERRORREPORT:PROMPT /OUT:"E:\TC\MMTC-Mem\x64\Release\MMTC-Mem.exe" /INCREMENTAL:NO /NOLOGO kernel32.lib user32.lib gdi32.lib winspool.lib comdlg32.lib advapi32.lib shell32.lib ole32.lib oleaut32.lib uuid.lib odbc32.lib odbccp32.lib /MANIFEST /MANIFESTUAC:"level='asInvoker' uiAccess='false'" /manifest:embed /DEBUG /PDB:"E:\TC\MMTC-Mem\x64\Release\MMTC-Mem.pdb" /SUBSYSTEM:CONSOLE /OPT:REF /OPT:ICF /LTCG /TLBID:1 /DYNAMICBASE /NXCOMPAT /IMPLIB:"E:\TC\MMTC-Mem\x64\Release\MMTC-Mem.lib" /MACHINE:X64 x64\Release\define2.obj
         x64\Release\file.obj
         x64\Release\RangeOrigin.obj
         正在生成代码
         已完成代码的生成
         MMTC-Mem.vcxproj -> E:\TC\MMTC-Mem\x64\Release\MMTC-Mem.exe
     1>已完成生成项目“E:\TC\MMTC-Mem\MMTC-Mem\MMTC-Mem.vcxproj”(Rebuild 个目标)的操作。

生成成功。

已用时间 00:00:00.80
