E:\TC\MMTC-MEM\MMTC-MEM\X64\DEBUG\DEFINE2.OBJ
E:\TC\MMTC-MEM\MMTC-MEM\X64\DEBUG\FILE.OBJ
E:\TC\MMTC-MEM\MMTC-MEM\X64\DEBUG\MMTC-MEM.OBJ
E:\TC\MMTC-MEM\MMTC-MEM\X64\DEBUG\VC110.PDB
E:\TC\MMTC-Mem\MMTC-Mem\x64\Debug\define2.obj
E:\TC\MMTC-Mem\MMTC-Mem\x64\Debug\file.obj
E:\TC\MMTC-Mem\MMTC-Mem\x64\Debug\MMTC-Mem.obj
E:\TC\MMTC-Mem\MMTC-Mem\x64\Debug\cl.command.1.tlog
E:\TC\MMTC-Mem\MMTC-Mem\x64\Debug\CL.read.1.tlog
E:\TC\MMTC-Mem\MMTC-Mem\x64\Debug\CL.write.1.tlog
E:\TC\MMTC-Mem\MMTC-Mem\x64\Debug\link-cvtres.read.1.tlog
E:\TC\MMTC-Mem\MMTC-Mem\x64\Debug\link-cvtres.write.1.tlog
E:\TC\MMTC-Mem\MMTC-Mem\x64\Debug\link-rc.read.1.tlog
E:\TC\MMTC-Mem\MMTC-Mem\x64\Debug\link-rc.write.1.tlog
E:\TC\MMTC-Mem\MMTC-Mem\x64\Debug\link.command.1.tlog
E:\TC\MMTC-Mem\MMTC-Mem\x64\Debug\link.read.1.tlog
E:\TC\MMTC-Mem\MMTC-Mem\x64\Debug\link.write.1.tlog
E:\TC\MMTC-Mem\MMTC-Mem\x64\Debug\vc110.idb
E:\TC\MMTC-Mem\MMTC-Mem\x64\Debug\vc110.pdb
E:\TC\MMTC-Mem\x64\Debug\MMTC-Mem.pdb
